<?xml version="1.0" encoding="UTF-8"?>
<!-- Generated by org.testng.reporters.JUnitReportReporter -->
<testsuite skipped="0" hostname="Admin-PC" name="com.products.newClass4" tests="1" failures="0" timestamp="12 May 2021 09:53:04 GMT" time="4.949" errors="0">
  <testcase name="test2" time="4.949" classname="com.products.newClass4"/>
</testsuite> <!-- com.products.newClass4 -->
