<?xml version="1.0" encoding="UTF-8"?>
<!-- Generated by org.testng.reporters.JUnitReportReporter -->
<testsuite skipped="0" hostname="Admin-PC" name="com.products.PostRequest" tests="2" failures="0" timestamp="12 May 2021 10:34:13 GMT" time="6.088" errors="0">
  <testcase name="whenMeasureResponseTime_thenOK" time="0.730" classname="com.products.PostRequest"/>
  <testcase name="testPOST" time="5.358" classname="com.products.PostRequest"/>
</testsuite> <!-- com.products.PostRequest -->
